<?xml version="1.0" encoding="UTF-8"?>
<!-- Generated by org.testng.reporters.JUnitReportReporter -->
<testsuite skipped="0" hostname="INHD0891" name="org.vwdautomation.test.homepage.TestBrowserStack2" tests="1" failures="0" timestamp="13 Sep 2017 06:52:44 GMT" time="29.480" errors="0">
  <testcase name="verifyLoginWithValidCredentails" time="29.480" classname="org.vwdautomation.test.homepage.TestBrowserStack2"/>
</testsuite> <!-- org.vwdautomation.test.homepage.TestBrowserStack2 -->
