<?xml version="1.0" encoding="UTF-8"?>
<!-- Generated by org.testng.reporters.JUnitReportReporter -->
<testsuite skipped="0" hostname="INHD0891" name="org.vwdautomation.test.homepage.VerifyLoginWithValidCredentails" tests="1" failures="0" timestamp="26 Sep 2017 09:00:47 GMT" time="26.924" errors="0">
  <testcase name="verifyLoginWithValidCredentails" time="26.924" classname="org.vwdautomation.test.homepage.VerifyLoginWithValidCredentails"/>
</testsuite> <!-- org.vwdautomation.test.homepage.VerifyLoginWithValidCredentails -->
