<?xml version="1.0" encoding="UTF-8"?>
<!-- Generated by org.testng.reporters.JUnitReportReporter -->
<testsuite skipped="0" hostname="INHD0891" name="org.vwdautomation.test.homepage.Testex1" tests="1" failures="0" timestamp="12 Jul 2017 10:16:35 GMT" time="19.431" errors="0">
  <testcase name="test" time="19.431" classname="org.vwdautomation.test.homepage.Testex1"/>
</testsuite> <!-- org.vwdautomation.test.homepage.Testex1 -->
