<?xml version="1.0" encoding="UTF-8"?>
<!-- Generated by org.testng.reporters.JUnitReportReporter -->
<testsuite skipped="0" hostname="DESKTOP-O2RFKMK" name="org.vwdautomation.test.homepage.Testex1" tests="1" failures="0" timestamp="04 Aug 2018 07:17:20 GMT" time="22.802" errors="0">
  <testcase name="test" time="22.802" classname="org.vwdautomation.test.homepage.Testex1"/>
</testsuite> <!-- org.vwdautomation.test.homepage.Testex1 -->
