<?xml version="1.0" encoding="UTF-8"?>
<!-- Generated by org.testng.reporters.JUnitReportReporter -->
<testsuite hostname="INHD0891" name="org.vwdautomation.TestScript.VerifyLoginWithValidCredentails" tests="1" failures="0" timestamp="12 Jul 2017 07:12:12 GMT" time="10.529" errors="0">
  <testcase name="verifyLoginWithValidCredentails" time="10.529" classname="org.vwdautomation.TestScript.VerifyLoginWithValidCredentails"/>
</testsuite> <!-- org.vwdautomation.TestScript.VerifyLoginWithValidCredentails -->
