<?xml version="1.0" encoding="UTF-8"?>
<!-- Generated by org.testng.reporters.JUnitReportReporter -->
<testsuite name="org.vwdautomation.test.homepage.VerifyLoginWithValidCredentails" tests="1" time="26.578" ignored="0" failures="0" timestamp="26 Sep 2017 09:01:55 GMT" skipped="0" hostname="INHD0891" errors="0">
  <testcase name="verifyLoginWithValidCredentails" time="26.578" classname="org.vwdautomation.test.homepage.VerifyLoginWithValidCredentails"/>
</testsuite> <!-- org.vwdautomation.test.homepage.VerifyLoginWithValidCredentails -->
